<?xml version="1.0" encoding="UTF-8"?>
<!-- Generated by org.testng.reporters.JUnitReportReporter -->
<testsuite hostname="MacBook-Pro-German.local" failures="0" tests="6" name="api.ReqresTest" time="2.376" errors="0" timestamp="2023-04-16T19:10:58 YEKT" skipped="0">
  <testcase classname="api.ReqresTest" name="timeTest" time="0.263"/>
  <system-out/>
  <testcase classname="api.ReqresTest" name="checkAvatarAndIdTest" time="1.127"/>
  <system-out/>
  <testcase classname="api.ReqresTest" name="deleteUserTest" time="0.261"/>
  <system-out/>
  <testcase classname="api.ReqresTest" name="unSuccessRegTest" time="0.256"/>
  <system-out/>
  <testcase classname="api.ReqresTest" name="sortedYearsTest" time="0.202"/>
  <system-out/>
  <testcase classname="api.ReqresTest" name="successRegTest" time="0.267"/>
  <system-out/>
</testsuite> <!-- api.ReqresTest -->
